cementerio_app/CementerioApp/app/build/intermediates/manifest_merge_blame_file/debug/manifest-merger-blame-debug-report.txt
1<?xml version="1.0" encoding="utf-8"?>
2<manifest xmlns:android="http://schemas.android.com/apk/res/android"
3    package="com.corrales.cementerio"
4    android:versionCode="4"
5    android:versionName="4.0" >
6
7    <uses-sdk
8        android:minSdkVersion="26"
9        android:targetSdkVersion="34" />
10
11    <uses-permission android:name="android.permission.INTERNET" />
11-->src\main\AndroidManifest.xml:4:5-67
11-->src\main\AndroidManifest.xml:4:22-64
12    <uses-permission android:name="android.permission.CAMERA" />
12-->src\main\AndroidManifest.xml:5:5-65
12-->src\main\AndroidManifest.xml:5:22-62
13    <uses-permission android:name="android.permission.ACCESS_FINE_LOCATION" />
13-->src\main\AndroidManifest.xml:6:5-79
13-->src\main\AndroidManifest.xml:6:22-76
14    <uses-permission android:name="android.permission.ACCESS_COARSE_LOCATION" />
14-->src\main\AndroidManifest.xml:7:5-81
14-->src\main\AndroidManifest.xml:7:22-78
15    <!-- osmdroid necesita escribir el caché de tiles en disco -->
16    <uses-permission
16-->src\main\AndroidManifest.xml:9:5-107
17        android:name="android.permission.WRITE_EXTERNAL_STORAGE"
17-->src\main\AndroidManifest.xml:9:22-78
18        android:maxSdkVersion="28" />
18-->src\main\AndroidManifest.xml:9:79-105
19
20    <uses-feature
20-->src\main\AndroidManifest.xml:10:5-85
21        android:name="android.hardware.camera"
21-->src\main\AndroidManifest.xml:10:19-57
22        android:required="false" />
22-->src\main\AndroidManifest.xml:10:58-82
23
24    <!-- Include required permissions for Google Maps API to run. -->
25    <uses-permission android:name="android.permission.ACCESS_NETWORK_STATE" />
25-->[com.google.android.gms:play-services-maps:20.0.0] AndroidManifest.xml:20:5-78
25-->[com.google.android.gms:play-services-maps:20.0.0] AndroidManifest.xml:20:22-76
26
27    <uses-feature
27-->[com.google.android.gms:play-services-maps:20.0.0] AndroidManifest.xml:22:5-24:33
28        android:glEsVersion="0x00020000"
28-->[com.google.android.gms:play-services-maps:20.0.0] AndroidManifest.xml:23:8-40
29        android:required="true" />
29-->[com.google.android.gms:play-services-maps:20.0.0] AndroidManifest.xml:24:8-31
30
31    <queries>
31-->[com.google.android.gms:play-services-maps:20.0.0] AndroidManifest.xml:27:5-30:15
32
33        <!-- Needs to be explicitly declared on Android R+ -->
34        <package android:name="com.google.android.apps.maps" />
34-->[com.google.android.gms:play-services-maps:20.0.0] AndroidManifest.xml:29:7-61
34-->[com.google.android.gms:play-services-maps:20.0.0] AndroidManifest.xml:29:16-59
35    </queries>
36
37    <uses-permission android:name="android.permission.WAKE_LOCK" />
37-->[androidx.work:work-runtime:2.9.0] AndroidManifest.xml:23:5-68
37-->[androidx.work:work-runtime:2.9.0] AndroidManifest.xml:23:22-65
38    <uses-permission android:name="android.permission.RECEIVE_BOOT_COMPLETED" />
38-->[androidx.work:work-runtime:2.9.0] AndroidManifest.xml:25:5-81
38-->[androidx.work:work-runtime:2.9.0] AndroidManifest.xml:25:22-78
39    <uses-permission android:name="android.permission.FOREGROUND_SERVICE" />
39-->[androidx.work:work-runtime:2.9.0] AndroidManifest.xml:26:5-77
39-->[androidx.work:work-runtime:2.9.0] AndroidManifest.xml:26:22-74
40
41    <permission
41-->[androidx.core:core:1.12.0] AndroidManifest.xml:22:5-24:47
42        android:name="com.corrales.cementerio.DYNAMIC_RECEIVER_NOT_EXPORTED_PERMISSION"
42-->[androidx.core:core:1.12.0] AndroidManifest.xml:23:9-81
43        android:protectionLevel="signature" />
43-->[androidx.core:core:1.12.0] AndroidManifest.xml:24:9-44
44
45    <uses-permission android:name="com.corrales.cementerio.DYNAMIC_RECEIVER_NOT_EXPORTED_PERMISSION" />
45-->[androidx.core:core:1.12.0] AndroidManifest.xml:26:5-97
45-->[androidx.core:core:1.12.0] AndroidManifest.xml:26:22-94
46
47    <supports-screens
47-->[org.osmdroid:osmdroid-android:6.1.18] AndroidManifest.xml:9:5-12:40
48        android:anyDensity="true"
48-->[org.osmdroid:osmdroid-android:6.1.18] AndroidManifest.xml:10:9-34
49        android:largeScreens="true"
49-->[org.osmdroid:osmdroid-android:6.1.18] AndroidManifest.xml:11:9-36
50        android:normalScreens="true" />
50-->[org.osmdroid:osmdroid-android:6.1.18] AndroidManifest.xml:12:9-37
51
52    <uses-feature
52-->[org.osmdroid:osmdroid-android:6.1.18] AndroidManifest.xml:14:5-16:36
53        android:name="android.hardware.location.network"
53-->[org.osmdroid:osmdroid-android:6.1.18] AndroidManifest.xml:15:9-57
54        android:required="false" />
54-->[org.osmdroid:osmdroid-android:6.1.18] AndroidManifest.xml:16:9-33
55    <uses-feature
55-->[org.osmdroid:osmdroid-android:6.1.18] AndroidManifest.xml:17:5-19:36
56        android:name="android.hardware.location.gps"
56-->[org.osmdroid:osmdroid-android:6.1.18] AndroidManifest.xml:18:9-53
57        android:required="false" />
57-->[org.osmdroid:osmdroid-android:6.1.18] AndroidManifest.xml:19:9-33
58    <uses-feature
58-->[org.osmdroid:osmdroid-android:6.1.18] AndroidManifest.xml:20:5-22:36
59        android:name="android.hardware.telephony"
59-->[org.osmdroid:osmdroid-android:6.1.18] AndroidManifest.xml:21:9-50
60        android:required="false" />
60-->[org.osmdroid:osmdroid-android:6.1.18] AndroidManifest.xml:22:9-33
61    <uses-feature
61-->[org.osmdroid:osmdroid-android:6.1.18] AndroidManifest.xml:23:5-25:36
62        android:name="android.hardware.wifi"
62-->[org.osmdroid:osmdroid-android:6.1.18] AndroidManifest.xml:24:9-45
63        android:required="false" />
63-->[org.osmdroid:osmdroid-android:6.1.18] AndroidManifest.xml:25:9-33
64
65    <application
65-->src\main\AndroidManifest.xml:12:5-41:19
66        android:allowBackup="true"
66-->src\main\AndroidManifest.xml:13:9-35
67        android:appComponentFactory="androidx.core.app.CoreComponentFactory"
67-->[androidx.core:core:1.12.0] AndroidManifest.xml:28:18-86
68        android:debuggable="true"
69        android:extractNativeLibs="false"
70        android:icon="@drawable/ic_launcher"
70-->src\main\AndroidManifest.xml:14:9-45
71        android:label="@string/app_name"
71-->src\main\AndroidManifest.xml:15:9-41
72        android:roundIcon="@drawable/ic_launcher_round"
72-->src\main\AndroidManifest.xml:16:9-56
73        android:supportsRtl="true"
73-->src\main\AndroidManifest.xml:17:9-35
74        android:testOnly="true"
75        android:theme="@style/Theme.Cementerio"
75-->src\main\AndroidManifest.xml:18:9-48
76        android:usesCleartextTraffic="true" >
76-->src\main\AndroidManifest.xml:19:9-44
77        <activity
77-->src\main\AndroidManifest.xml:21:9-29:20
78            android:name="com.corrales.cementerio.MainActivity"
78-->src\main\AndroidManifest.xml:22:13-41
79            android:exported="true"
79-->src\main\AndroidManifest.xml:23:13-36
80            android:windowSoftInputMode="adjustResize" >
80-->src\main\AndroidManifest.xml:24:13-55
81            <intent-filter>
81-->src\main\AndroidManifest.xml:25:13-28:29
82                <action android:name="android.intent.action.MAIN" />
82-->src\main\AndroidManifest.xml:26:17-69
82-->src\main\AndroidManifest.xml:26:25-66
83
84                <category android:name="android.intent.category.LAUNCHER" />
84-->src\main\AndroidManifest.xml:27:17-77
84-->src\main\AndroidManifest.xml:27:27-74
85            </intent-filter>
86        </activity>
87
88        <provider
89            android:name="androidx.core.content.FileProvider"
89-->src\main\AndroidManifest.xml:32:13-62
90            android:authorities="com.corrales.cementerio.fileprovider"
90-->src\main\AndroidManifest.xml:33:13-64
91            android:exported="false"
91-->src\main\AndroidManifest.xml:34:13-37
92            android:grantUriPermissions="true" >
92-->src\main\AndroidManifest.xml:35:13-47
93            <meta-data
93-->src\main\AndroidManifest.xml:36:13-38:54
94                android:name="android.support.FILE_PROVIDER_PATHS"
94-->src\main\AndroidManifest.xml:37:17-67
95                android:resource="@xml/file_paths" />
95-->src\main\AndroidManifest.xml:38:17-51
96        </provider>
97
98        <activity
98-->[com.google.android.gms:play-services-base:18.5.0] AndroidManifest.xml:5:9-173
99            android:name="com.google.android.gms.common.api.GoogleApiActivity"
99-->[com.google.android.gms:play-services-base:18.5.0] AndroidManifest.xml:5:19-85
100            android:exported="false"
100-->[com.google.android.gms:play-services-base:18.5.0] AndroidManifest.xml:5:146-170
101            android:theme="@android:style/Theme.Translucent.NoTitleBar" />
101-->[com.google.android.gms:play-services-base:18.5.0] AndroidManifest.xml:5:86-145
102
103        <meta-data
103-->[com.google.android.gms:play-services-basement:18.9.0] AndroidManifest.xml:21:9-23:69
104            android:name="com.google.android.gms.version"
104-->[com.google.android.gms:play-services-basement:18.9.0] AndroidManifest.xml:22:13-58
105            android:value="@integer/google_play_services_version" />
105-->[com.google.android.gms:play-services-basement:18.9.0] AndroidManifest.xml:23:13-66
106
107        <activity
107-->[androidx.compose.ui:ui-tooling-android:1.6.1] AndroidManifest.xml:23:9-25:39
108            android:name="androidx.compose.ui.tooling.PreviewActivity"
108-->[androidx.compose.ui:ui-tooling-android:1.6.1] AndroidManifest.xml:24:13-71
109            android:exported="true" />
109-->[androidx.compose.ui:ui-tooling-android:1.6.1] AndroidManifest.xml:25:13-36
110
111        <provider
111-->[androidx.work:work-runtime:2.9.0] AndroidManifest.xml:29:9-37:20
112            android:name="androidx.startup.InitializationProvider"
112-->[androidx.work:work-runtime:2.9.0] AndroidManifest.xml:30:13-67
113            android:authorities="com.corrales.cementerio.androidx-startup"
113-->[androidx.work:work-runtime:2.9.0] AndroidManifest.xml:31:13-68
114            android:exported="false" >
114-->[androidx.work:work-runtime:2.9.0] AndroidManifest.xml:32:13-37
115            <meta-data
115-->[androidx.work:work-runtime:2.9.0] AndroidManifest.xml:34:13-36:52
116                android:name="androidx.work.WorkManagerInitializer"
116-->[androidx.work:work-runtime:2.9.0] AndroidManifest.xml:35:17-68
117                android:value="androidx.startup" />
117-->[androidx.work:work-runtime:2.9.0] AndroidManifest.xml:36:17-49
118            <meta-data
118-->[androidx.emoji2:emoji2:1.3.0] AndroidManifest.xml:29:13-31:52
119                android:name="androidx.emoji2.text.EmojiCompatInitializer"
119-->[androidx.emoji2:emoji2:1.3.0] AndroidManifest.xml:30:17-75
120                android:value="androidx.startup" />
120-->[androidx.emoji2:emoji2:1.3.0] AndroidManifest.xml:31:17-49
121            <meta-data
121-->[androidx.lifecycle:lifecycle-process:2.7.0] AndroidManifest.xml:29:13-31:52
122                android:name="androidx.lifecycle.ProcessLifecycleInitializer"
122-->[androidx.lifecycle:lifecycle-process:2.7.0] AndroidManifest.xml:30:17-78
123                android:value="androidx.startup" />
123-->[androidx.lifecycle:lifecycle-process:2.7.0] AndroidManifest.xml:31:17-49
124            <meta-data
124-->[androidx.profileinstaller:profileinstaller:1.3.0] AndroidManifest.xml:29:13-31:52
125                android:name="androidx.profileinstaller.ProfileInstallerInitializer"
125-->[androidx.profileinstaller:profileinstaller:1.3.0] AndroidManifest.xml:30:17-85
126                android:value="androidx.startup" />
126-->[androidx.profileinstaller:profileinstaller:1.3.0] AndroidManifest.xml:31:17-49
127        </provider>
128
129        <service
129-->[androidx.work:work-runtime:2.9.0] AndroidManifest.xml:39:9-45:35
130            android:name="androidx.work.impl.background.systemalarm.SystemAlarmService"
130-->[androidx.work:work-runtime:2.9.0] AndroidManifest.xml:40:13-88
131            android:directBootAware="false"
131-->[androidx.work:work-runtime:2.9.0] AndroidManifest.xml:41:13-44
132            android:enabled="@bool/enable_system_alarm_service_default"
132-->[androidx.work:work-runtime:2.9.0] AndroidManifest.xml:42:13-72
133            android:exported="false" />
133-->[androidx.work:work-runtime:2.9.0] AndroidManifest.xml:43:13-37
134        <service
134-->[androidx.work:work-runtime:2.9.0] AndroidManifest.xml:46:9-52:35
135            android:name="androidx.work.impl.background.systemjob.SystemJobService"
135-->[androidx.work:work-runtime:2.9.0] AndroidManifest.xml:47:13-84
136            android:directBootAware="false"
136-->[androidx.work:work-runtime:2.9.0] AndroidManifest.xml:48:13-44
137            android:enabled="@bool/enable_system_job_service_default"
137-->[androidx.work:work-runtime:2.9.0] AndroidManifest.xml:49:13-70
138            android:exported="true"
138-->[androidx.work:work-runtime:2.9.0] AndroidManifest.xml:50:13-36
139            android:permission="android.permission.BIND_JOB_SERVICE" />
139-->[androidx.work:work-runtime:2.9.0] AndroidManifest.xml:51:13-69
140        <service
140-->[androidx.work:work-runtime:2.9.0] AndroidManifest.xml:53:9-59:35
141            android:name="androidx.work.impl.foreground.SystemForegroundService"
141-->[androidx.work:work-runtime:2.9.0] AndroidManifest.xml:54:13-81
142            android:directBootAware="false"
142-->[androidx.work:work-runtime:2.9.0] AndroidManifest.xml:55:13-44
143            android:enabled="@bool/enable_system_foreground_service_default"
143-->[androidx.work:work-runtime:2.9.0] AndroidManifest.xml:56:13-77
144            android:exported="false" />
144-->[androidx.work:work-runtime:2.9.0] AndroidManifest.xml:57:13-37
145
146        <receiver
146-->[androidx.work:work-runtime:2.9.0] AndroidManifest.xml:61:9-66:35
147            android:name="androidx.work.impl.utils.ForceStopRunnable$BroadcastReceiver"
147-->[androidx.work:work-runtime:2.9.0] AndroidManifest.xml:62:13-88
148            android:directBootAware="false"
148-->[androidx.work:work-runtime:2.9.0] AndroidManifest.xml:63:13-44
149            android:enabled="true"
149-->[androidx.work:work-runtime:2.9.0] AndroidManifest.xml:64:13-35
150            android:exported="false" />
150-->[androidx.work:work-runtime:2.9.0] AndroidManifest.xml:65:13-37
151        <receiver
151-->[androidx.work:work-runtime:2.9.0] AndroidManifest.xml:67:9-77:20
152            android:name="androidx.work.impl.background.systemalarm.ConstraintProxy$BatteryChargingProxy"
152-->[androidx.work:work-runtime:2.9.0] AndroidManifest.xml:68:13-106
153            android:directBootAware="false"
153-->[androidx.work:work-runtime:2.9.0] AndroidManifest.xml:69:13-44
154            android:enabled="false"
154-->[androidx.work:work-runtime:2.9.0] AndroidManifest.xml:70:13-36
155            android:exported="false" >
155-->[androidx.work:work-runtime:2.9.0] AndroidManifest.xml:71:13-37
156            <intent-filter>
156-->[androidx.work:work-runtime:2.9.0] AndroidManifest.xml:73:13-76:29
157                <action android:name="android.intent.action.ACTION_POWER_CONNECTED" />
157-->[androidx.work:work-runtime:2.9.0] AndroidManifest.xml:74:17-87
157-->[androidx.work:work-runtime:2.9.0] AndroidManifest.xml:74:25-84
158                <action android:name="android.intent.action.ACTION_POWER_DISCONNECTED" />
158-->[androidx.work:work-runtime:2.9.0] AndroidManifest.xml:75:17-90
158-->[androidx.work:work-runtime:2.9.0] AndroidManifest.xml:75:25-87
159            </intent-filter>
160        </receiver>
161        <receiver
161-->[androidx.work:work-runtime:2.9.0] AndroidManifest.xml:78:9-88:20
162            android:name="androidx.work.impl.background.systemalarm.ConstraintProxy$BatteryNotLowProxy"
162-->[androidx.work:work-runtime:2.9.0] AndroidManifest.xml:79:13-104
163            android:directBootAware="false"
163-->[androidx.work:work-runtime:2.9.0] AndroidManifest.xml:80:13-44
164            android:enabled="false"
164-->[androidx.work:work-runtime:2.9.0] AndroidManifest.xml:81:13-36
165            android:exported="false" >
165-->[androidx.work:work-runtime:2.9.0] AndroidManifest.xml:82:13-37
166            <intent-filter>
166-->[androidx.work:work-runtime:2.9.0] AndroidManifest.xml:84:13-87:29
167                <action android:name="android.intent.action.BATTERY_OKAY" />
167-->[androidx.work:work-runtime:2.9.0] AndroidManifest.xml:85:17-77
167-->[androidx.work:work-runtime:2.9.0] AndroidManifest.xml:85:25-74
168                <action android:name="android.intent.action.BATTERY_LOW" />
168-->[androidx.work:work-runtime:2.9.0] AndroidManifest.xml:86:17-76
168-->[androidx.work:work-runtime:2.9.0] AndroidManifest.xml:86:25-73
169            </intent-filter>
170        </receiver>
171        <receiver
171-->[androidx.work:work-runtime:2.9.0] AndroidManifest.xml:89:9-99:20
172            android:name="androidx.work.impl.background.systemalarm.ConstraintProxy$StorageNotLowProxy"
172-->[androidx.work:work-runtime:2.9.0] AndroidManifest.xml:90:13-104
173            android:directBootAware="false"
173-->[androidx.work:work-runtime:2.9.0] AndroidManifest.xml:91:13-44
174            android:enabled="false"
174-->[androidx.work:work-runtime:2.9.0] AndroidManifest.xml:92:13-36
175            android:exported="false" >
175-->[androidx.work:work-runtime:2.9.0] AndroidManifest.xml:93:13-37
176            <intent-filter>
176-->[androidx.work:work-runtime:2.9.0] AndroidManifest.xml:95:13-98:29
177                <action android:name="android.intent.action.DEVICE_STORAGE_LOW" />
177-->[androidx.work:work-runtime:2.9.0] AndroidManifest.xml:96:17-83
177-->[androidx.work:work-runtime:2.9.0] AndroidManifest.xml:96:25-80
178                <action android:name="android.intent.action.DEVICE_STORAGE_OK" />
178-->[androidx.work:work-runtime:2.9.0] AndroidManifest.xml:97:17-82
178-->[androidx.work:work-runtime:2.9.0] AndroidManifest.xml:97:25-79
179            </intent-filter>
180        </receiver>
181        <receiver
181-->[androidx.work:work-runtime:2.9.0] AndroidManifest.xml:100:9-109:20
182            android:name="androidx.work.impl.background.systemalarm.ConstraintProxy$NetworkStateProxy"
182-->[androidx.work:work-runtime:2.9.0] AndroidManifest.xml:101:13-103
183            android:directBootAware="false"
183-->[androidx.work:work-runtime:2.9.0] AndroidManifest.xml:102:13-44
184            android:enabled="false"
184-->[androidx.work:work-runtime:2.9.0] AndroidManifest.xml:103:13-36
185            android:exported="false" >
185-->[androidx.work:work-runtime:2.9.0] AndroidManifest.xml:104:13-37
186            <intent-filter>
186-->[androidx.work:work-runtime:2.9.0] AndroidManifest.xml:106:13-108:29
187                <action android:name="android.net.conn.CONNECTIVITY_CHANGE" />
187-->[androidx.work:work-runtime:2.9.0] AndroidManifest.xml:107:17-79
187-->[androidx.work:work-runtime:2.9.0] AndroidManifest.xml:107:25-76
188            </intent-filter>
189        </receiver>
190        <receiver
190-->[androidx.work:work-runtime:2.9.0] AndroidManifest.xml:110:9-121:20
191            android:name="androidx.work.impl.background.systemalarm.RescheduleReceiver"
191-->[androidx.work:work-runtime:2.9.0] AndroidManifest.xml:111:13-88
192            android:directBootAware="false"
192-->[androidx.work:work-runtime:2.9.0] AndroidManifest.xml:112:13-44
193            android:enabled="false"
193-->[androidx.work:work-runtime:2.9.0] AndroidManifest.xml:113:13-36
194            android:exported="false" >
194-->[androidx.work:work-runtime:2.9.0] AndroidManifest.xml:114:13-37
195            <intent-filter>
195-->[androidx.work:work-runtime:2.9.0] AndroidManifest.xml:116:13-120:29
196                <action android:name="android.intent.action.BOOT_COMPLETED" />
196-->[androidx.work:work-runtime:2.9.0] AndroidManifest.xml:117:17-79
196-->[androidx.work:work-runtime:2.9.0] AndroidManifest.xml:117:25-76
197                <action android:name="android.intent.action.TIME_SET" />
197-->[androidx.work:work-runtime:2.9.0] AndroidManifest.xml:118:17-73
197-->[androidx.work:work-runtime:2.9.0] AndroidManifest.xml:118:25-70
198                <action android:name="android.intent.action.TIMEZONE_CHANGED" />
198-->[androidx.work:work-runtime:2.9.0] AndroidManifest.xml:119:17-81
198-->[androidx.work:work-runtime:2.9.0] AndroidManifest.xml:119:25-78
199            </intent-filter>
200        </receiver>
201        <receiver
201-->[androidx.work:work-runtime:2.9.0] AndroidManifest.xml:122:9-131:20
202            android:name="androidx.work.impl.background.systemalarm.ConstraintProxyUpdateReceiver"
202-->[androidx.work:work-runtime:2.9.0] AndroidManifest.xml:123:13-99
203            android:directBootAware="false"
203-->[androidx.work:work-runtime:2.9.0] AndroidManifest.xml:124:13-44
204            android:enabled="@bool/enable_system_alarm_service_default"
204-->[androidx.work:work-runtime:2.9.0] AndroidManifest.xml:125:13-72
205            android:exported="false" >
205-->[androidx.work:work-runtime:2.9.0] AndroidManifest.xml:126:13-37
206            <intent-filter>
206-->[androidx.work:work-runtime:2.9.0] AndroidManifest.xml:128:13-130:29
207                <action android:name="androidx.work.impl.background.systemalarm.UpdateProxies" />
207-->[androidx.work:work-runtime:2.9.0] AndroidManifest.xml:129:17-98
207-->[androidx.work:work-runtime:2.9.0] AndroidManifest.xml:129:25-95
208            </intent-filter>
209        </receiver>
210        <receiver
210-->[androidx.work:work-runtime:2.9.0] AndroidManifest.xml:132:9-142:20
211            android:name="androidx.work.impl.diagnostics.DiagnosticsReceiver"
211-->[androidx.work:work-runtime:2.9.0] AndroidManifest.xml:133:13-78
212            android:directBootAware="false"
212-->[androidx.work:work-runtime:2.9.0] AndroidManifest.xml:134:13-44
213            android:enabled="true"
213-->[androidx.work:work-runtime:2.9.0] AndroidManifest.xml:135:13-35
214            android:exported="true"
214-->[androidx.work:work-runtime:2.9.0] AndroidManifest.xml:136:13-36
215            android:permission="android.permission.DUMP" >
215-->[androidx.work:work-runtime:2.9.0] AndroidManifest.xml:137:13-57
216            <intent-filter>
216-->[androidx.work:work-runtime:2.9.0] AndroidManifest.xml:139:13-141:29
217                <action android:name="androidx.work.diagnostics.REQUEST_DIAGNOSTICS" />
217-->[androidx.work:work-runtime:2.9.0] AndroidManifest.xml:140:17-88
217-->[androidx.work:work-runtime:2.9.0] AndroidManifest.xml:140:25-85
218            </intent-filter>
219        </receiver>
220
221        <service
221-->[androidx.room:room-runtime:2.6.1] AndroidManifest.xml:24:9-28:63
222            android:name="androidx.room.MultiInstanceInvalidationService"
222-->[androidx.room:room-runtime:2.6.1] AndroidManifest.xml:25:13-74
223            android:directBootAware="true"
223-->[androidx.room:room-runtime:2.6.1] AndroidManifest.xml:26:13-43
224            android:exported="false" />
224-->[androidx.room:room-runtime:2.6.1] AndroidManifest.xml:27:13-37
225
226        <receiver
226-->[androidx.profileinstaller:profileinstaller:1.3.0] AndroidManifest.xml:34:9-52:20
227            android:name="androidx.profileinstaller.ProfileInstallReceiver"
227-->[androidx.profileinstaller:profileinstaller:1.3.0] AndroidManifest.xml:35:13-76
228            android:directBootAware="false"
228-->[androidx.profileinstaller:profileinstaller:1.3.0] AndroidManifest.xml:36:13-44
229            android:enabled="true"
229-->[androidx.profileinstaller:profileinstaller:1.3.0] AndroidManifest.xml:37:13-35
230            android:exported="true"
230-->[androidx.profileinstaller:profileinstaller:1.3.0] AndroidManifest.xml:38:13-36
231            android:permission="android.permission.DUMP" >
231-->[androidx.profileinstaller:profileinstaller:1.3.0] AndroidManifest.xml:39:13-57
232            <intent-filter>
232-->[androidx.profileinstaller:profileinstaller:1.3.0] AndroidManifest.xml:40:13-42:29
233                <action android:name="androidx.profileinstaller.action.INSTALL_PROFILE" />
233-->[androidx.profileinstaller:profileinstaller:1.3.0] AndroidManifest.xml:41:17-91
233-->[androidx.profileinstaller:profileinstaller:1.3.0] AndroidManifest.xml:41:25-88
234            </intent-filter>
235            <intent-filter>
235-->[androidx.profileinstaller:profileinstaller:1.3.0] AndroidManifest.xml:43:13-45:29
236                <action android:name="androidx.profileinstaller.action.SKIP_FILE" />
236-->[androidx.profileinstaller:profileinstaller:1.3.0] AndroidManifest.xml:44:17-85
236-->[androidx.profileinstaller:profileinstaller:1.3.0] AndroidManifest.xml:44:25-82
237            </intent-filter>
238            <intent-filter>
238-->[androidx.profileinstaller:profileinstaller:1.3.0] AndroidManifest.xml:46:13-48:29
239                <action android:name="androidx.profileinstaller.action.SAVE_PROFILE" />
239-->[androidx.profileinstaller:profileinstaller:1.3.0] AndroidManifest.xml:47:17-88
239-->[androidx.profileinstaller:profileinstaller:1.3.0] AndroidManifest.xml:47:25-85
240            </intent-filter>
241            <intent-filter>
241-->[androidx.profileinstaller:profileinstaller:1.3.0] AndroidManifest.xml:49:13-51:29
242                <action android:name="androidx.profileinstaller.action.BENCHMARK_OPERATION" />
242-->[androidx.profileinstaller:profileinstaller:1.3.0] AndroidManifest.xml:50:17-95
242-->[androidx.profileinstaller:profileinstaller:1.3.0] AndroidManifest.xml:50:25-92
243            </intent-filter>
244        </receiver>
245    </application>
246
247</manifest>